Der Buildvorgang wurde am 28.09.2010 13:45:45 gestartet.
Projekt "Z:\univention-ad-connector\windows\ucs-ad-connector\src\pwdump6\pwservice.vcxproj" auf Knoten "2", build Ziel(e).
InitializeBuildStatus:
  ".\PwserviceRelease\pwservice.unsuccessfulbuild" wird erstellt, da "AlwaysCreate" angegeben wurde.
ClCompile:
  Alle Ausgaben sind aktuell.
  C:\Program Files (x86)\Microsoft Visual Studio 10.0\VC\bin\x86_amd64\CL.exe /c /Zi /nologo /W3 /WX- /O2 /Ob1 /D WIN32 /D NDEBUG /D _CONSOLE /D _WIN64 /D _VC80_UPGRADE=0x0710 /D _MBCS /GF /Gm- /EHsc /MT /GS /Gy /fp:precise /Zc:wchar_t /Zc:forScope /Fo".\PwserviceRelease/" /Fd".\PwserviceRelease/vc100.pdb" /Gd /TC /errorReport:prompt lsassthreadstub.c
  lsassthreadstub.c
  Alle Ausgaben sind aktuell.
  C:\Program Files (x86)\Microsoft Visual Studio 10.0\VC\bin\x86_amd64\CL.exe /c /Zi /nologo /W3 /WX- /O2 /Ob1 /D WIN32 /D NDEBUG /D _CONSOLE /D _WIN64 /D _VC80_UPGRADE=0x0710 /D _MBCS /GF /Gm- /EHsc /MT /GS /Gy /fp:precise /Zc:wchar_t /Zc:forScope /Fo".\PwserviceRelease/" /Fd".\PwserviceRelease/vc100.pdb" /Gd /TP /errorReport:prompt pwservice.cpp
  pwservice.cpp
C:\Program Files (x86)\MSBuild\Microsoft.Cpp\v4.0\Microsoft.CppBuild.targets(990,5): warning MSB8012: TargetPath(Z:\univention-ad-connector\windows\ucs-ad-connector\src\pwdump6\.\PwserviceRelease\pwservice.exe) entspricht nicht dem OutputFile-Eigenschaftswert (Z:\univention-ad-connector\windows\ucs-ad-connector\src\pwdump6\PwserviceRelease\servpw64.exe) von Linker. Das Projekt wird daher möglicherweise nicht ordnungsgemäß erstellt. Damit dieses Problem behoben werden kann, müssen die Eigenschaftswerte für $(OutDir), $(TargetName) und $(TargetExt) dem in %(Link.OutputFile) angegebenen Wert entsprechen.
C:\Program Files (x86)\MSBuild\Microsoft.Cpp\v4.0\Microsoft.CppBuild.targets(992,5): warning MSB8012: TargetName(pwservice) entspricht nicht dem OutputFile-Eigenschaftswert (servpw64) von Linker. Das Projekt wird daher möglicherweise nicht ordnungsgemäß erstellt. Damit dieses Problem behoben werden kann, müssen die Eigenschaftswerte für $(OutDir), $(TargetName) und $(TargetExt) dem in %(Link.OutputFile) angegebenen Wert entsprechen.
Link:
  C:\Program Files (x86)\Microsoft Visual Studio 10.0\VC\bin\x86_amd64\link.exe /ERRORREPORT:PROMPT /OUT:".\PwserviceRelease/servpw64.exe" /INCREMENTAL:NO /NOLOGO odbc32.lib odbccp32.lib kernel32.lib user32.lib gdi32.lib winspool.lib comdlg32.lib advapi32.lib shell32.lib ole32.lib oleaut32.lib uuid.lib odbc32.lib odbccp32.lib /MANIFEST:NO /PDB:".\PwserviceRelease/servpw64.pdb" /SUBSYSTEM:CONSOLE /TLBID:1 /DYNAMICBASE:NO /IMPLIB:".\PwserviceRelease\pwservice.lib" /MACHINE:X64 .\PwserviceRelease/lsassthreadstub.obj
  .\PwserviceRelease/pwservice.obj
  "Z:\univention-ad-connector\windows\ucs-ad-connector\src\pwdump6\LsaExtRelease\lsremora64.lib"
     Bibliothek ".\PwserviceRelease\pwservice.lib" und Objekt ".\PwserviceRelease\pwservice.exp" werden erstellt.
  pwservice.vcxproj -> Z:\univention-ad-connector\windows\ucs-ad-connector\src\pwdump6\.\PwserviceRelease\pwservice.exe
PostBuildEvent:
  copy PwServiceRelease\*.exe PwDumpRelease
  :VCEnd
  PwServiceRelease\servpw.exe
  PwServiceRelease\servpw64.exe
          2 Datei(en) kopiert.
FinalizeBuildStatus:
  Die Datei ".\PwserviceRelease\pwservice.unsuccessfulbuild" wird gelöscht.
  Aktualisieren des Timestamps von ".\PwserviceRelease\pwservice.lastbuildstate".
Die Erstellung des Projekts "Z:\univention-ad-connector\windows\ucs-ad-connector\src\pwdump6\pwservice.vcxproj" ist abgeschlossen, build Ziel(e).

Das Erstellen war erfolgreich.

Verstrichene Zeit 00:00:03.51
