2005-11-10T17:44:20 Checking update-file '/usr/share/apps/kconf_update/khotkeys_32b1_update.upd' for new updates
2005-11-10T17:44:20 khotkeys_32b1_update.upd: Found new update 'kde32b1'
2005-11-10T17:44:20 khotkeys_32b1_update.upd: Running script 'khotkeys_update' with arguments '--id kde32b1'
2005-11-10T17:44:20 Checking update-file '/usr/share/apps/kconf_update/kioslave.upd' for new updates
2005-11-10T17:44:20 kioslave.upd: Found new update 'kde2.2/r1'
2005-11-10T17:44:20 kioslave.upd: Skipping update 'kde2.2/r1'
2005-11-10T17:44:20 kioslave.upd: Found new update 'kde2.2/r2'
2005-11-10T17:44:20 kioslave.upd: Running script 'useragent.pl'
2005-11-10T17:44:21 kioslave.upd: Script removes kioslaverc:UserAgent:EntriesCount
2005-11-10T17:44:21 kioslave.upd: Found new update 'kde2.2/r3'
2005-11-10T17:44:21 kioslave.upd: Running script 'proxytype.pl'
2005-11-10T17:44:21 kioslave.upd: Script removes kioslaverc:Proxy Settings:UseProxy
2005-11-10T17:44:21 Checking update-file '/usr/share/apps/kconf_update/kded.upd' for new updates
2005-11-10T17:44:21 kded.upd: Found new update 'kde3.0'
2005-11-10T17:44:21 Checking update-file '/usr/share/apps/kconf_update/kcookiescfg.upd' for new updates
2005-11-10T17:44:21 kcookiescfg.upd: Found new update 'kde2.2/b1'
2005-11-10T17:44:21 kcookiescfg.upd: Found new update 'kde3.1/cvs'
2005-11-10T17:44:21 Checking update-file '/usr/share/apps/kconf_update/kdeprintrc.upd' for new updates
2005-11-10T17:44:21 kdeprintrc.upd: Found new update 'kde-3.1-toolbar'
2005-11-10T17:44:21 kdeprintrc.upd: Updating kdeprintrc:General:ViewMenuBar to 'false'
2005-11-10T17:44:21 kdeprintrc.upd: RemoveKey removes kdeprintrc:General:ViewToolBar
2005-11-10T17:44:21 Checking update-file '/usr/share/apps/kconf_update/konqueror_gestures_kde321_update.upd' for new updates
2005-11-10T17:44:21 konqueror_gestures_kde321_update.upd: Found new update 'kde321'
2005-11-10T17:44:21 konqueror_gestures_kde321_update.upd: Running script 'khotkeys_update' with arguments '--id konqueror_gestures_kde321'
2005-11-10T17:44:21 Checking update-file '/usr/share/apps/kconf_update/favicons.upd' for new updates
2005-11-10T17:44:21 favicons.upd: Found new update 'kde3_2'
2005-11-10T17:44:21 favicons.upd: Running script 'move_favicons.sh'
2005-11-10T17:44:21 Checking update-file '/usr/share/apps/kconf_update/socks.upd' for new updates
2005-11-10T17:44:21 socks.upd: Found new update 'kde3.0/r1'
2005-11-10T17:44:21 Checking update-file '/usr/share/apps/kconf_update/klippershortcuts.upd' for new updates
2005-11-10T17:44:21 klippershortcuts.upd: Found new update '04112002'
2005-11-10T17:44:21 Checking update-file '/usr/share/apps/kconf_update/kickerrc.upd' for new updates
2005-11-10T17:44:21 kickerrc.upd: Found new update 'kde_3_1_sizeChanges'
2005-11-10T17:44:21 kickerrc.upd: Running script 'kicker-3.1-properSizeSetting.pl'
2005-11-10T17:44:21 kickerrc.upd: Found new update 'kde_3_4_reverseLayout'
2005-11-10T17:44:21 kickerrc.upd: Running script 'kicker-3.4-reverseLayout'
2005-11-10T17:44:22 Checking update-file '/usr/share/apps/kconf_update/klipperrc.upd' for new updates
2005-11-10T17:44:22 klipperrc.upd: Found new update '25082001'
2005-11-10T17:44:22 klipperrc.upd: Running script 'klipper-1-2.pl'
2005-11-10T17:44:22 klipperrc.upd: Found new update 'kde3.1'
2005-11-10T17:44:22 klipperrc.upd: Running script 'klipper-kde31.sh'
2005-11-10T17:44:22 klipperrc.upd: Updating klipperrc:General:AutoStart to 'true'
2005-11-10T17:44:22 Checking update-file '/usr/share/apps/kconf_update/konsole.upd' for new updates
2005-11-10T17:44:22 konsole.upd: Found new update 'kde2.2/r1'
2005-11-10T17:44:22 konsole.upd: Found new update 'kde3.0/r1'
2005-11-10T17:44:22 konsole.upd: Running script 'schemaStrip.pl'
2005-11-10T17:44:22 Checking update-file '/usr/share/apps/kconf_update/ksmserver.upd' for new updates
2005-11-10T17:44:22 ksmserver.upd: Found new update 'kde3'
2005-11-10T17:44:22 ksmserver.upd: Running script 'move_session_config.sh'
2005-11-10T17:44:22 Checking update-file '/usr/share/apps/kconf_update/kwin.upd' for new updates
2005-11-10T17:44:22 kwin.upd: Found new update 'kde3.0r1'
2005-11-10T17:44:22 kwin.upd: Running script 'pluginlibFix.pl'
2005-11-10T17:44:22 kwin.upd: Updating kwinrc:MouseBindings:CommandActiveTitlebar2 to 'Lower'
2005-11-10T17:44:22 kwin.upd: Updating kwinrc:MouseBindings:CommandActiveTitlebar3 to 'Operations menu'
2005-11-10T17:44:22 kwin.upd: Updating kwinrc:Style:PluginLib to 'kwin3_plastik'
2005-11-10T17:44:22 kwin.upd: Updating kwinrc:Windows:AltTabStyle to 'KDE'
2005-11-10T17:44:22 kwin.upd: Updating kwinrc:Windows:AnimateMinimize to 'true'
2005-11-10T17:44:22 kwin.upd: Updating kwinrc:Windows:AnimateShade to 'true'
2005-11-10T17:44:22 kwin.upd: Updating kwinrc:Windows:FocusPolicy to 'ClickToFocus'
2005-11-10T17:44:22 kwin.upd: Updating kwinrc:Windows:MoveMode to 'Opaque'
2005-11-10T17:44:22 kwin.upd: Updating kwinrc:Windows:MoveResizeMaximizedWindows to 'true'
2005-11-10T17:44:22 kwin.upd: Updating kwinrc:Windows:ResizeMode to 'Opaque'
2005-11-10T17:44:22 kwin.upd: Updating kwinrc:Windows:ShadeHover to 'true'
2005-11-10T17:44:22 kwin.upd: Updating kwinrc:Windows:TitlebarDoubleClickCommand to 'Shade'
2005-11-10T17:44:22 kwin.upd: Found new update 'kde3.2Xinerama'
2005-11-10T17:44:22 Checking update-file '/usr/share/apps/kconf_update/kpgp.upd' for new updates
2005-11-10T17:44:22 kpgp.upd: Found new update 'preKDE3_a'
2005-11-10T17:44:22 kpgp.upd: Found new update '3.1-1'
2005-11-10T17:44:22 kpgp.upd: Running script 'kpgp-3.1-upgrade-address-data.pl'
2005-11-10T17:44:22 kpgp.upd: Script removes kpgprc:General:addressKeyEntries
2005-11-10T17:44:22 kpgp.upd: Script removes kpgprc:General:addressEntries
2005-11-10T17:44:22 kpgp.upd: Updating kpgprc:General:addressEntries to '0'
2005-11-10T17:44:22 Checking update-file '/usr/share/apps/kconf_update/kpalmdoc.upd' for new updates
2005-11-10T17:44:22 kpalmdoc.upd: Found new update 'kdepim_3.3'
2005-11-10T17:44:22 Checking update-file '/usr/share/apps/kconf_update/kmail.upd' for new updates
2005-11-10T17:44:22 kmail.upd: Found new update '1'
2005-11-10T17:44:22 kmail.upd: Running script 'upgrade-transport.pl'
2005-11-10T17:44:22 kmail.upd: Script removes kmailrc:sending mail:Mailer
2005-11-10T17:44:22 kmail.upd: Script removes kmailrc:sending mail:Method
2005-11-10T17:44:22 kmail.upd: Script removes kmailrc:sending mail:Precommand
2005-11-10T17:44:22 kmail.upd: Script removes kmailrc:sending mail:Smtp Host
2005-11-10T17:44:22 kmail.upd: Script removes kmailrc:sending mail:Smtp Password
2005-11-10T17:44:22 kmail.upd: Script removes kmailrc:sending mail:Smtp Port
2005-11-10T17:44:22 kmail.upd: Script removes kmailrc:sending mail:Smtp Username
2005-11-10T17:44:22 kmail.upd: Found new update '4'
2005-11-10T17:44:22 kmail.upd: Found new update '5'
2005-11-10T17:44:22 kmail.upd: Found new update '6'
2005-11-10T17:44:22 kmail.upd: Found new update '7'
2005-11-10T17:44:22 kmail.upd: Found new update '8'
2005-11-10T17:44:22 kmail.upd: Running script 'kmail-pgpidentity.pl'
2005-11-10T17:44:22 kmail.upd: Found new update '9'
2005-11-10T17:44:22 kmail.upd: Running script 'upgrade-signature.pl'
2005-11-10T17:44:22 kmail.upd: Found new update '3.1-update-identities'
2005-11-10T17:44:22 kmail.upd: Running script 'kmail-upd-identities.pl'
2005-11-10T17:44:22 kmail.upd: Found new update '3.1-use-identity-uoids'
2005-11-10T17:44:22 kmail.upd: Running script 'kmail-3.1-use-UOID-for-identities.pl'
2005-11-10T17:44:22 [Script] Use of uninitialized value in hash element at /usr/share/apps/kconf_update/kmail-3.1-use-UOID-for-identities.pl line 45.
2005-11-10T17:44:22 [Script] Use of uninitialized value in concatenation (.) or string at /usr/share/apps/kconf_update/kmail-3.1-use-UOID-for-identities.pl line 45.
2005-11-10T17:44:22 [Script] Use of uninitialized value in hash element at /usr/share/apps/kconf_update/kmail-3.1-use-UOID-for-identities.pl line 49.
2005-11-10T17:44:22 [Script] Use of uninitialized value in concatenation (.) or string at /usr/share/apps/kconf_update/kmail-3.1-use-UOID-for-identities.pl line 49.
2005-11-10T17:44:22 kmail.upd: Script removes kmailrc:General:Default Identity
2005-11-10T17:44:22 kmail.upd: Script removes kmailrc:Composer:previous-identity
2005-11-10T17:44:22 kmail.upd: Updating kmailrc:Composer:previous-identity to ''
2005-11-10T17:44:22 kmail.upd: Updating kmailrc:General:Default Identity to ''
2005-11-10T17:44:22 kmail.upd: Found new update '3.1-new-mail-notification'
2005-11-10T17:44:22 kmail.upd: Running script 'kmail-3.1-update-new-mail-notification-settings.pl'
2005-11-10T17:44:22 kmail.upd: Script removes kmailrc:General:msgbox-on-mail
2005-11-10T17:44:22 kmail.upd: Script removes kmailrc:General:exec-on-mail
2005-11-10T17:44:22 kmail.upd: Script removes kmailrc:General:exec-on-mail-cmd
2005-11-10T17:44:22 kmail.upd: Found new update '3.2-update-loop-on-goto-unread-settings'
2005-11-10T17:44:22 kmail.upd: Running script 'kmail-3.2-update-loop-on-goto-unread-settings.sh'
2005-11-10T17:44:23 kmail.upd: Found new update '3.1.4-dont-use-UOID-0-for-any-identity'
2005-11-10T17:44:23 kmail.upd: Running script 'kmail-3.1.4-dont-use-UOID-0-for-any-identity.pl'
2005-11-10T17:44:23 kmail.upd: Found new update '3.2-misc'
2005-11-10T17:44:23 kmail.upd: Running script 'kmail-3.2-misc.sh'
2005-11-10T17:44:23 kmail.upd: Found new update '3.2-moves'
2005-11-10T17:44:23 kmail.upd: Found new update '3.3-use-ID-for-accounts'
2005-11-10T17:44:23 kmail.upd: Running script 'kmail-3.3-use-ID-for-accounts.pl'
2005-11-10T17:44:23 kmail.upd: Found new update '3.3-update-filter-rules'
2005-11-10T17:44:23 kmail.upd: !! Script 'kmail-3.3-update-filter-rules.pl' not found in line 99 : 'Script=kmail-3.3-update-filter-rules.pl,perl'
2005-11-10T17:44:23 kmail.upd: Found new update '3.3-move-identities-to-own-file'
2005-11-10T17:44:23 kmail.upd: Running script 'kmail-3.3-move-identities.pl'
2005-11-10T17:44:23 kmail.upd: Script removes kmailrc:General:Default Identity
2005-11-10T17:44:23 kmail.upd: Updating emailidentities:General:Default Identity to ''
2005-11-10T17:44:23 kmail.upd: Found new update '3.3-aegypten-kpgprc-to-kmailrc'
2005-11-10T17:44:23 kmail.upd: Found new update '3.3-aegypten-kpgprc-to-libkleopatrarc'
2005-11-10T17:44:23 kmail.upd: Running script 'kmail-3.3-aegypten.pl'
2005-11-10T17:44:23 kmail.upd: Found new update '3.3-aegypten-emailidentities-split-sign-encr-keys'
2005-11-10T17:44:23 kmail.upd: Running script 'kmail-3.3-split-sign-encr-keys.sh'
2005-11-10T17:44:23 kmail.upd: Found new update '3.3-misc'
2005-11-10T17:44:23 kmail.upd: Running script 'kmail-3.3-misc.pl'
2005-11-10T17:44:23 kmail.upd: Found new update '3.3b1-misc'
2005-11-10T17:44:23 kmail.upd: Running script 'kmail-3.3b1-misc.pl'
2005-11-10T17:44:23 Checking update-file '/usr/share/apps/kconf_update/kate-2.4.upd' for new updates
2005-11-10T17:44:23 kate-2.4.upd: Found new update 'kate2.4'
2005-11-10T17:44:23 Checking update-file '/usr/share/apps/kconf_update/knewsticker.upd' for new updates
2005-11-10T17:44:23 knewsticker.upd: Found new update 'KNewsTicker-0.2'
2005-11-10T17:44:23 knewsticker.upd: Running script 'knt-0.1-0.2.pl'
2005-11-10T17:44:23 knewsticker.upd: Found new update 'KNewsTicker-0.2-Rename-KDE3'
2005-11-10T17:44:23 knewsticker.upd: Found new update 'KNewsTicker-0.2-Rename-KDE3.1'
2005-11-10T17:44:23 Checking update-file '/usr/share/apps/kconf_update/kuriikwsfilter.upd' for new updates
2005-11-10T17:44:23 kuriikwsfilter.upd: Found new update 'post-kde3.1/cvs'
2005-11-10T17:44:23 Checking update-file '/usr/share/apps/kconf_update/kfmclient_3_2.upd' for new updates
2005-11-10T17:44:23 kfmclient_3_2.upd: Found new update 'kfmclient_3_2'
2005-11-10T17:44:23 kfmclient_3_2.upd: Running script 'kfmclient_3_2_update.sh'
2005-11-10T17:44:23 kfmclient_3_2.upd: Script removes kfmclientrc:Settings:StartNewKonqueror
2005-11-10T17:44:23 Checking update-file '/usr/share/apps/kconf_update/konqsidebartng.upd' for new updates
2005-11-10T17:44:23 konqsidebartng.upd: Found new update 'konqsidebartng_rc'
2005-11-10T17:44:23 konqsidebartng.upd: Found new update 'konqsidebartng_entries'
2005-11-10T17:44:23 konqsidebartng.upd: Running script 'move_konqsidebartng_entries.sh'
2005-11-10T17:44:23 Checking update-file '/usr/share/apps/kconf_update/kwinupdatewindowsettings.upd' for new updates
2005-11-10T17:44:23 kwinupdatewindowsettings.upd: Found new update 'kde33b1'
2005-11-10T17:44:23 kwinupdatewindowsettings.upd: Running script 'kwin_update_window_settings'
2005-11-10T17:44:23 Checking update-file '/usr/share/apps/kconf_update/kwin3_plugin.upd' for new updates
2005-11-10T17:44:23 kwin3_plugin.upd: Found new update 'kde3.2'
2005-11-10T17:44:23 kwin3_plugin.upd: Running script 'kwin3_plugin.pl'
2005-11-10T17:44:24 kwin3_plugin.upd: Updating kwinrc:MouseBindings:CommandActiveTitlebar2 to 'Lower'
2005-11-10T17:44:24 kwin3_plugin.upd: Updating kwinrc:MouseBindings:CommandActiveTitlebar3 to 'Operations menu'
2005-11-10T17:44:24 kwin3_plugin.upd: Updating kwinrc:Style:PluginLib to 'kwin3_plastik'
2005-11-10T17:44:24 kwin3_plugin.upd: Updating kwinrc:Windows:AltTabStyle to 'KDE'
2005-11-10T17:44:24 kwin3_plugin.upd: Updating kwinrc:Windows:AnimateMinimize to 'true'
2005-11-10T17:44:24 kwin3_plugin.upd: Updating kwinrc:Windows:AnimateShade to 'true'
2005-11-10T17:44:24 kwin3_plugin.upd: Updating kwinrc:Windows:FocusPolicy to 'ClickToFocus'
2005-11-10T17:44:24 kwin3_plugin.upd: Updating kwinrc:Windows:MoveMode to 'Opaque'
2005-11-10T17:44:24 kwin3_plugin.upd: Updating kwinrc:Windows:MoveResizeMaximizedWindows to 'true'
2005-11-10T17:44:24 kwin3_plugin.upd: Updating kwinrc:Windows:ResizeMode to 'Opaque'
2005-11-10T17:44:24 kwin3_plugin.upd: Updating kwinrc:Windows:ShadeHover to 'true'
2005-11-10T17:44:24 kwin3_plugin.upd: Updating kwinrc:Windows:TitlebarDoubleClickCommand to 'Shade'
2005-11-10T17:44:24 Checking update-file '/usr/share/apps/kconf_update/kwin_focus1.upd' for new updates
2005-11-10T17:44:24 kwin_focus1.upd: Found new update 'kwin_focus1'
2005-11-10T17:44:24 kwin_focus1.upd: Running script 'kwin_focus1.sh'
2005-11-10T17:44:24 kwin_focus1.upd: Updating kwinrc:Windows:AltTabStyle to 'KDE'
2005-11-10T17:44:24 kwin_focus1.upd: Updating kwinrc:Windows:AnimateMinimize to 'true'
2005-11-10T17:44:24 kwin_focus1.upd: Updating kwinrc:Windows:AnimateShade to 'true'
2005-11-10T17:44:24 kwin_focus1.upd: Updating kwinrc:Windows:FocusPolicy to 'ClickToFocus'
2005-11-10T17:44:24 kwin_focus1.upd: Updating kwinrc:Windows:IgnoreFocusStealingClasses to 'kio_uiserver'
2005-11-10T17:44:24 kwin_focus1.upd: Updating kwinrc:Windows:MoveMode to 'Opaque'
2005-11-10T17:44:24 kwin_focus1.upd: Updating kwinrc:Windows:MoveResizeMaximizedWindows to 'true'
2005-11-10T17:44:24 kwin_focus1.upd: Updating kwinrc:Windows:ResizeMode to 'Opaque'
2005-11-10T17:44:24 kwin_focus1.upd: Updating kwinrc:Windows:ShadeHover to 'true'
2005-11-10T17:44:24 kwin_focus1.upd: Updating kwinrc:Windows:TitlebarDoubleClickCommand to 'Shade'
2005-11-10T17:44:24 Checking update-file '/usr/share/apps/kconf_update/kwin_focus2.upd' for new updates
2005-11-10T17:44:24 kwin_focus2.upd: Found new update 'kwin_focus2'
2005-11-10T17:44:24 kwin_focus2.upd: Running script 'kwin_focus2.sh'
2005-11-10T17:44:24 kwin_focus2.upd: Updating kwinrc:Windows:AltTabStyle to 'KDE'
2005-11-10T17:44:24 kwin_focus2.upd: Updating kwinrc:Windows:AnimateMinimize to 'true'
2005-11-10T17:44:24 kwin_focus2.upd: Updating kwinrc:Windows:AnimateShade to 'true'
2005-11-10T17:44:24 kwin_focus2.upd: Updating kwinrc:Windows:FocusPolicy to 'ClickToFocus'
2005-11-10T17:44:24 kwin_focus2.upd: Updating kwinrc:Windows:IgnoreFocusStealingClasses to 'kio_uiserver'
2005-11-10T17:44:24 kwin_focus2.upd: Updating kwinrc:Windows:MoveMode to 'Opaque'
2005-11-10T17:44:24 kwin_focus2.upd: Updating kwinrc:Windows:MoveResizeMaximizedWindows to 'true'
2005-11-10T17:44:24 kwin_focus2.upd: Updating kwinrc:Windows:ResizeMode to 'Opaque'
2005-11-10T17:44:24 kwin_focus2.upd: Updating kwinrc:Windows:ShadeHover to 'true'
2005-11-10T17:44:24 kwin_focus2.upd: Updating kwinrc:Windows:TitlebarDoubleClickCommand to 'Shade'
2005-11-10T17:44:24 Checking update-file '/usr/share/apps/kconf_update/kwiniconify.upd' for new updates
2005-11-10T17:44:24 kwiniconify.upd: Found new update 'iconifyupd3.1'
2005-11-10T17:44:24 kwiniconify.upd: Updating kwin.eventsrc:minimize:presentation to '0'
2005-11-10T17:44:24 kwiniconify.upd: Removing kwin.eventsrc:iconify:presentation, moved.
2005-11-10T17:44:24 kwiniconify.upd: Updating kwin.eventsrc:unminimize:presentation to '0'
2005-11-10T17:44:24 kwiniconify.upd: Removing kwin.eventsrc:deiconify:presentation, moved.
2005-11-10T17:44:24 kwiniconify.upd: RemoveGroup removes group kwin.eventsrc:iconify
2005-11-10T17:44:24 kwiniconify.upd: RemoveGroup removes group kwin.eventsrc:deiconify
2005-11-10T17:44:24 Checking update-file '/usr/share/apps/kconf_update/kwinsticky.upd' for new updates
2005-11-10T17:44:24 kwinsticky.upd: Found new update 'stickyupd3.1'
2005-11-10T17:44:24 kwinsticky.upd: Updating kwin.eventsrc:on_all_desktops:presentation to '0'
2005-11-10T17:44:24 kwinsticky.upd: Removing kwin.eventsrc:sticky:presentation, moved.
2005-11-10T17:44:24 kwinsticky.upd: Updating kwin.eventsrc:not_on_all_desktops:presentation to '0'
2005-11-10T17:44:24 kwinsticky.upd: Removing kwin.eventsrc:unsticky:presentation, moved.
2005-11-10T17:44:24 kwinsticky.upd: RemoveGroup removes group kwin.eventsrc:sticky
2005-11-10T17:44:24 kwinsticky.upd: RemoveGroup removes group kwin.eventsrc:unsticky
2005-11-10T17:44:24 Checking update-file '/usr/share/apps/kconf_update/kcalcrc.upd' for new updates
2005-11-10T17:44:24 kcalcrc.upd: Found new update 'KDE_3_2_0'
2005-11-10T17:44:24 Checking update-file '/usr/share/apps/kconf_update/kcharselect.upd' for new updates
2005-11-10T17:44:24 kcharselect.upd: Found new update '1'
2005-11-10T17:44:24 Checking update-file '/usr/share/apps/kconf_update/kpilot.upd' for new updates
2005-11-10T17:44:24 kpilot.upd: Found new update 'kdepim_3.3'
2005-11-10T17:44:24 kpilot.upd: Found new update 'kdepim_3.3_SplitConfig'
2005-11-10T17:44:24 kpilot.upd: Skipping update 'kdepim_3.3_SplitConfig'
2005-11-10T17:44:24 Checking update-file '/usr/share/apps/kconf_update/kio_help.upd' for new updates
2005-11-10T17:44:24 kio_help.upd: Found new update 'kde3_2'
2005-11-10T17:44:24 kio_help.upd: Running script 'move_kio_help_cache.sh'
2005-11-10T17:44:24 [Script] mv: Aufruf von stat fr ,,/home/test02/.kde/share/apps/kio_help/cache" nicht m?lich: Datei oder Verzeichnis nicht gefunden
2005-11-10T17:44:24 [Script] rmdir: ,,/home/test02/.kde/share/apps/kio_help": Datei oder Verzeichnis nicht gefunden
2005-11-10T17:44:24 Checking update-file '/usr/share/apps/kconf_update/kopete-account-kconf_update.upd' for new updates
2005-11-10T17:44:24 kopete-account-kconf_update.upd: Found new update 'kopete0.7/r1'
2005-11-10T17:44:24 kopete-account-kconf_update.upd: Running script 'kopete-account-kconf_update.sh'
2005-11-10T17:44:25 kopete-account-kconf_update.upd: Found new update 'kopete0.10/r1'
2005-11-10T17:44:25 kopete-account-kconf_update.upd: Running script 'kopete-account-0.10.pl'
2005-11-10T17:44:25 Checking update-file '/usr/share/apps/kconf_update/kghostview.upd' for new updates
2005-11-10T17:44:25 kghostview.upd: Found new update '1changeToKConfigXT'
2005-11-10T17:44:25 kghostview.upd: Found new update '2changeToKConfigXT'
2005-11-10T17:44:25 kghostview.upd: Running script 'update-to-xt-names.pl'
2005-11-10T17:44:25 Checking update-file '/usr/share/apps/kconf_update/kopete-jabberpriorityaddition-kconf_update.upd' for new updates
2005-11-10T17:44:25 kopete-jabberpriorityaddition-kconf_update.upd: Found new update 'kopete0.9/r1'
2005-11-10T17:44:25 kopete-jabberpriorityaddition-kconf_update.upd: Running script 'kopete-jabberpriorityaddition-kconf_update.sh'
2005-11-10T17:44:25 Checking update-file '/usr/share/apps/kconf_update/kopete-jabberproxytype-kconf_update.upd' for new updates
2005-11-10T17:44:25 kopete-jabberproxytype-kconf_update.upd: Found new update 'kopete0.9/r1'
2005-11-10T17:44:25 kopete-jabberproxytype-kconf_update.upd: Running script 'kopete-jabberproxytype-kconf_update.sh'
2005-11-10T17:44:25 Checking update-file '/usr/share/apps/kconf_update/kopete-nameTracking.upd' for new updates
2005-11-10T17:44:25 kopete-nameTracking.upd: Found new update 'kopete0.9/r1'
2005-11-10T17:44:25 kopete-nameTracking.upd: Running script 'kopete-nameTracking-kconf_update'
2005-11-10T17:44:25 Checking update-file '/usr/share/apps/kconf_update/kopete-pluginloader.upd' for new updates
2005-11-10T17:44:25 kopete-pluginloader.upd: Found new update 'kopete0.7/r1'
2005-11-10T17:44:25 kopete-pluginloader.upd: Running script 'kopete-pluginloader.pl'
2005-11-10T17:44:25 kopete-pluginloader.upd: Script removes kopeterc::Modules
2005-11-10T17:44:25 kopete-pluginloader.upd: Removing empty group kopeterc:
2005-11-10T17:44:25 Checking update-file '/usr/share/apps/kconf_update/kopete-pluginloader2.upd' for new updates
2005-11-10T17:44:25 kopete-pluginloader2.upd: Found new update 'kopete0.8/r1'
2005-11-10T17:44:25 kopete-pluginloader2.upd: Running script 'kopete-pluginloader2.sh'
