acpi
all_video
bitmap
bitmap_scale
btrfs
bufio
chain
configfile
crypto
datetime
disk
diskfilter
echo
efifwsetup
efi_gop
efinet
efi_uga
ext2
extcmd
fat
font
fshelp
gcry_sha512
gettext
gfxmenu
gfxterm
gfxterm_background
gzio
halt
hfsplus
iso9660
jpeg
keystatus
linuxefi
loadenv
lsefi
lsefimmap
lsefisystab
lssal
lvm
lzopio
mdraid09
mdraid1x
memdisk
minicmd
mmap
net
normal
part_apple
part_gpt
part_msdos
password_pbkdf2
pbkdf2
png
priority_queue
reboot
relocator
search
search_fs_file
search_fs_uuid
search_label
sleep
terminal
test
trig
true
video
video_bochs
video_cirrus
video_colors
video_fb
