A D/Horde_Alarm-H4////
A D/Horde_Argv-H4////
A D/Horde_Auth-H4////
A D/Horde_Autoloader////
A D/Horde_Block-H4////
A D/Horde_Browser-H4////
A D/Horde_Cache-H4////
A D/Horde_Cipher-H4////
A D/Horde_Cli-H4////
A D/Horde_Compress-H4////
A D/Horde_Controller////
A D/Horde_Core-H4////
A D/Horde_Crypt-H4////
A D/Horde_Data-H4////
A D/Horde_Date-H4////
A D/Horde_Editor-H4////
A D/Horde_Feed-H4////
A D/Horde_File_CSV-H4////
A D/Horde_File_PDF-H4////
A D/Horde_Form-H4////
A D/Horde_Framework-H4////
A D/Horde_Group-H4////
A D/Horde_History-H4////
A D/Horde_NLS-H4////
A D/Horde_Notification-H4////
A D/Horde_Util-H4////
A D/Kolab_Config////
A D/Kolab_Server-H4////
A D/PEAR-Archive_Tar////
A D/PEAR-Console_Getopt////
A D/PEAR-Mail-mimeDecode////
A D/PEAR-Net_IMAP////
A D/PEAR-PEAR////
A D/PEAR-Service_Weather////
A D/PEAR-Structures_Graph////
R D/PEAR-Structures_Graph////
R D/PEAR-Service_Weather////
R D/PEAR-PEAR////
R D/PEAR-Net_IMAP////
R D/PEAR-Mail-mimeDecode////
R D/PEAR-Console_Getopt////
R D/PEAR-Archive_Tar////
R D/Kolab_Server-H4////
R D/Horde_Util-H4////
R D/Horde_Notification-H4////
R D/Horde_NLS-H4////
R D/Horde_History-H4////
R D/Horde_Group-H4////
R D/Horde_Framework-H4////
R D/Horde_Form-H4////
R D/Horde_File_PDF-H4////
R D/Horde_File_CSV-H4////
R D/Horde_Feed-H4////
R D/Horde_Editor-H4////
R D/Horde_Date-H4////
R D/Horde_Data-H4////
R D/Horde_Crypt-H4////
R D/Horde_Core-H4////
R D/Horde_Controller////
R D/Horde_Compress-H4////
R D/Horde_Cli-H4////
R D/Horde_Cipher-H4////
R D/Horde_Cache-H4////
R D/Horde_Browser-H4////
R D/Horde_Block-H4////
R D/Horde_Autoloader////
R D/Horde_Auth-H4////
R D/Horde_Argv-H4////
R D/Horde_Alarm-H4////
