Build started 26.04.2010 11:08:50.
Project "\\KORALL\stefan\11_wrk\svn\dev\trunk\ucs\services\univention-ad-connector\windows\ucs-ad-connector\src\pwdump6\PwDump6.vcxproj" on node 2 (build target(s)).
InitializeBuildStatus:
  Creating "Release x64\PwDump6.unsuccessfulbuild" because "AlwaysCreate" was specified.
ClCompile:
  C:\Program Files (x86)\Microsoft Visual Studio 10.0\VC\bin\CL.exe /c /Zi /nologo /W3 /WX- /O2 /Ob1 /Oy- /D WIN32 /D NDEBUG /D _CONSOLE /D _VC80_UPGRADE=0x0710 /D _MBCS /GF /Gm- /EHsc /MT /GS /Gy /fp:precise /Zc:wchar_t /Zc:forScope /Fo".\PwDumpRelease/" /Fd".\PwDumpRelease/vc100.pdb" /Gd /TC /analyze- /errorReport:prompt blowfish.c XGetopt.c
  blowfish.c
  XGetopt.c
  Generating Code...
  C:\Program Files (x86)\Microsoft Visual Studio 10.0\VC\bin\CL.exe /c /Zi /nologo /W3 /WX- /O2 /Ob1 /Oy- /D WIN32 /D NDEBUG /D _CONSOLE /D _VC80_UPGRADE=0x0710 /D _MBCS /GF /Gm- /EHsc /MT /GS /Gy /fp:precise /Zc:wchar_t /Zc:forScope /Fo".\PwDumpRelease/" /Fd".\PwDumpRelease/vc100.pdb" /Gd /TP /analyze- /errorReport:prompt PwDump6.cpp ResourceLoader.cpp
  PwDump6.cpp
  ResourceLoader.cpp
ResourceLoader.cpp(93): warning C4996: 'strncpy': This function or variable may be unsafe. Consider using strncpy_s instead. To disable deprecation, use _CRT_SECURE_NO_WARNINGS. See online help for details.
          C:\Program Files (x86)\Microsoft Visual Studio 10.0\VC\include\string.h(188) : see declaration of 'strncpy'
  Generating Code...
ResourceCompile:
  C:\Program Files (x86)\Microsoft SDKs\Windows\v7.0A\bin\rc.exe /D NDEBUG /D _VC80_UPGRADE=0x0710 /l"0x0409" /nologo /fo"Release x64\pwdump.res" pwdump.rc 
C:\Program Files (x86)\MSBuild\Microsoft.Cpp\v4.0\Microsoft.CppBuild.targets(990,5): warning MSB8012: TargetPath(\\KORALL\stefan\11_wrk\svn\dev\trunk\ucs\services\univention-ad-connector\windows\ucs-ad-connector\src\pwdump6\Release x64\PwDump6.exe) does not match the Linker's OutputFile property value (\\KORALL\stefan\11_wrk\svn\dev\trunk\ucs\services\univention-ad-connector\windows\ucs-ad-connector\src\pwdump6\PwDumpRelease\PwDump.exe). This may cause your project to build incorrectly. To correct this, please make sure that $(OutDir), $(TargetName) and $(TargetExt) property values match the value specified in %(Link.OutputFile).
C:\Program Files (x86)\MSBuild\Microsoft.Cpp\v4.0\Microsoft.CppBuild.targets(992,5): warning MSB8012: TargetName(PwDump6) does not match the Linker's OutputFile property value (PwDump). This may cause your project to build incorrectly. To correct this, please make sure that $(OutDir), $(TargetName) and $(TargetExt) property values match the value specified in %(Link.OutputFile).
Link:
  C:\Program Files (x86)\Microsoft Visual Studio 10.0\VC\bin\link.exe /ERRORREPORT:PROMPT /OUT:"PwDumpRelease/PwDump.exe" /INCREMENTAL:NO /NOLOGO LsaExtRelease\lsremora.lib Mpr.lib odbc32.lib odbccp32.lib netapi32.lib kernel32.lib user32.lib gdi32.lib winspool.lib comdlg32.lib advapi32.lib shell32.lib ole32.lib oleaut32.lib uuid.lib odbc32.lib odbccp32.lib /MANIFEST:NO /PDB:".\PwDumpRelease/PwDump.pdb" /SUBSYSTEM:CONSOLE /TLBID:1 /DYNAMICBASE:NO /IMPLIB:"Release x64\PwDump6.lib" /MACHINE:X86 "Release x64\pwdump.res"
  .\PwDumpRelease/blowfish.obj
  .\PwDumpRelease/PwDump6.obj
  .\PwDumpRelease/ResourceLoader.obj
  .\PwDumpRelease/XGetopt.obj
  "\\KORALL\stefan\11_wrk\svn\dev\trunk\ucs\services\univention-ad-connector\windows\ucs-ad-connector\src\pwdump6\LsaExtRelease\lsremora64.lib"
  PwDump6.vcxproj -> \\KORALL\stefan\11_wrk\svn\dev\trunk\ucs\services\univention-ad-connector\windows\ucs-ad-connector\src\pwdump6\Release x64\PwDump6.exe
FinalizeBuildStatus:
  Deleting file "Release x64\PwDump6.unsuccessfulbuild".
  Touching "Release x64\PwDump6.lastbuildstate".
Done Building Project "\\KORALL\stefan\11_wrk\svn\dev\trunk\ucs\services\univention-ad-connector\windows\ucs-ad-connector\src\pwdump6\PwDump6.vcxproj" (build target(s)).

Build succeeded.

Time Elapsed 00:00:05.60
